# Logfile created on 2014-04-08 09:56:34 -0500 by logger.rb/44203
I, [2014-04-08T09:56:34.546267 #19033]  INFO -- : 0:  i18n (0.6.9) from /Users/bgraves/.rvm/gems/ruby-2.1.0/specifications/i18n-0.6.9.gemspec
I, [2014-04-08T09:56:34.546513 #19033]  INFO -- : 0:  minitest (4.7.5) from /Users/bgraves/.rvm/rubies/ruby-2.1.0/lib/ruby/gems/2.1.0/specifications/default/minitest-4.7.5.gemspec
I, [2014-04-08T09:56:34.546699 #19033]  INFO -- : 0:  multi_json (1.9.2) from /Users/bgraves/.rvm/gems/ruby-2.1.0/specifications/multi_json-1.9.2.gemspec
I, [2014-04-08T09:56:35.374689 #19033]  INFO -- : 0:  thread_safe (0.3.2) from /Users/bgraves/.rvm/gems/ruby-2.1.0/specifications/thread_safe-0.3.2.gemspec
I, [2014-04-08T09:56:35.985613 #19033]  INFO -- : 0:  tzinfo (0.3.39) from /Users/bgraves/.rvm/gems/ruby-2.1.0/specifications/tzinfo-0.3.39.gemspec
I, [2014-04-08T09:56:36.596638 #19033]  INFO -- : 0:  activesupport (4.0.4) from /Users/bgraves/.rvm/gems/ruby-2.1.0/specifications/activesupport-4.0.4.gemspec
I, [2014-04-08T09:56:36.596942 #19033]  INFO -- : 0:  chunky_png (1.3.0) from /Users/bgraves/.rvm/gems/ruby-2.1.0/specifications/chunky_png-1.3.0.gemspec
I, [2014-04-08T09:56:36.597224 #19033]  INFO -- : 0:  coffee-script-source (1.7.0) from /Users/bgraves/.rvm/gems/ruby-2.1.0/specifications/coffee-script-source-1.7.0.gemspec
I, [2014-04-08T09:56:36.793031 #19033]  INFO -- : 0:  execjs (2.0.2) from /Users/bgraves/.rvm/gems/ruby-2.1.0/specifications/execjs-2.0.2.gemspec
I, [2014-04-08T09:56:36.793346 #19033]  INFO -- : 0:  coffee-script (2.2.0) from /Users/bgraves/.rvm/gems/ruby-2.1.0/specifications/coffee-script-2.2.0.gemspec
I, [2014-04-08T09:56:36.793653 #19033]  INFO -- : 0:  fssm (0.2.10) from /Users/bgraves/.rvm/gems/ruby-2.1.0/specifications/fssm-0.2.10.gemspec
I, [2014-04-08T09:56:36.793940 #19033]  INFO -- : 0:  sass (3.2.19) from /Users/bgraves/.rvm/gems/ruby-2.1.0/specifications/sass-3.2.19.gemspec
I, [2014-04-08T09:56:36.794224 #19033]  INFO -- : 0:  compass (0.12.5) from /Users/bgraves/.rvm/gems/ruby-2.1.0/specifications/compass-0.12.5.gemspec
I, [2014-04-08T09:56:36.953137 #19033]  INFO -- : 0:  compass-import-once (1.0.4) from /Users/bgraves/.rvm/gems/ruby-2.1.0/specifications/compass-import-once-1.0.4.gemspec
I, [2014-04-08T09:56:36.953459 #19033]  INFO -- : 0:  compass-normalize (1.5) from /Users/bgraves/.rvm/gems/ruby-2.1.0/specifications/compass-normalize-1.5.gemspec
I, [2014-04-08T09:56:36.953711 #19033]  INFO -- : 0:  erubis (2.7.0) from /Users/bgraves/.rvm/gems/ruby-2.1.0/specifications/erubis-2.7.0.gemspec
I, [2014-04-08T09:56:36.953948 #19033]  INFO -- : 0:  ffi (1.9.3) from /Users/bgraves/.rvm/gems/ruby-2.1.0/specifications/ffi-1.9.3.gemspec
I, [2014-04-08T09:56:36.954191 #19033]  INFO -- : 0:  tilt (1.4.1) from /Users/bgraves/.rvm/gems/ruby-2.1.0/specifications/tilt-1.4.1.gemspec
I, [2014-04-08T09:56:36.954436 #19033]  INFO -- : 0:  haml (4.0.5) from /Users/bgraves/.rvm/gems/ruby-2.1.0/specifications/haml-4.0.5.gemspec
I, [2014-04-08T09:56:36.954643 #19033]  INFO -- : 0:  hike (1.2.3) from /Users/bgraves/.rvm/gems/ruby-2.1.0/specifications/hike-1.2.3.gemspec
I, [2014-04-08T09:56:37.493158 #19033]  INFO -- : 0:  uber (0.0.4) from /Users/bgraves/.rvm/gems/ruby-2.1.0/specifications/uber-0.0.4.gemspec
I, [2014-04-08T09:56:37.652566 #19033]  INFO -- : 0:  hooks (0.4.0) from /Users/bgraves/.rvm/gems/ruby-2.1.0/specifications/hooks-0.4.0.gemspec
I, [2014-04-08T09:56:37.652867 #19033]  INFO -- : 0:  json (1.8.1) from /Users/bgraves/.rvm/rubies/ruby-2.1.0/lib/ruby/gems/2.1.0/specifications/default/json-1.8.1.gemspec
I, [2014-04-08T09:56:37.653139 #19033]  INFO -- : 0:  kramdown (1.3.3) from /Users/bgraves/.rvm/gems/ruby-2.1.0/specifications/kramdown-1.3.3.gemspec
I, [2014-04-08T09:56:37.653396 #19033]  INFO -- : 0:  rb-fsevent (0.9.4) from /Users/bgraves/.rvm/gems/ruby-2.1.0/specifications/rb-fsevent-0.9.4.gemspec
I, [2014-04-08T09:56:37.653661 #19033]  INFO -- : 0:  rb-inotify (0.9.3) from /Users/bgraves/.rvm/gems/ruby-2.1.0/specifications/rb-inotify-0.9.3.gemspec
I, [2014-04-08T09:56:37.653895 #19033]  INFO -- : 0:  rb-kqueue (0.2.2) from /Users/bgraves/.rvm/gems/ruby-2.1.0/specifications/rb-kqueue-0.2.2.gemspec
I, [2014-04-08T09:56:37.654143 #19033]  INFO -- : 0:  listen (1.3.1) from /Users/bgraves/.rvm/gems/ruby-2.1.0/specifications/listen-1.3.1.gemspec
I, [2014-04-08T09:56:37.654349 #19033]  INFO -- : 0:  bundler (1.5.1) from /Users/bgraves/.rvm/gems/ruby-2.1.0@global/specifications/bundler-1.5.1.gemspec
I, [2014-04-08T09:56:37.835934 #19033]  INFO -- : 0:  padrino-support (0.12.1) from /Users/bgraves/.rvm/gems/ruby-2.1.0/specifications/padrino-support-0.12.1.gemspec
I, [2014-04-08T09:56:38.393078 #19033]  INFO -- : 0:  padrino-helpers (0.12.1) from /Users/bgraves/.rvm/gems/ruby-2.1.0/specifications/padrino-helpers-0.12.1.gemspec
I, [2014-04-08T09:56:38.393423 #19033]  INFO -- : 0:  rack (1.5.2) from /Users/bgraves/.rvm/gems/ruby-2.1.0/specifications/rack-1.5.2.gemspec
I, [2014-04-08T09:56:38.393646 #19033]  INFO -- : 0:  rack-test (0.6.2) from /Users/bgraves/.rvm/gems/ruby-2.1.0/specifications/rack-test-0.6.2.gemspec
I, [2014-04-08T09:56:38.393961 #19033]  INFO -- : 0:  thor (0.19.1) from /Users/bgraves/.rvm/gems/ruby-2.1.0/specifications/thor-0.19.1.gemspec
I, [2014-04-08T09:56:39.841236 #19033]  INFO -- : 0:  middleman-core (3.3.1) from /Users/bgraves/.rvm/gems/ruby-2.1.0/specifications/middleman-core-3.3.1.gemspec
I, [2014-04-08T09:56:39.841538 #19033]  INFO -- : 0:  sprockets (2.12.0) from /Users/bgraves/.rvm/gems/ruby-2.1.0/specifications/sprockets-2.12.0.gemspec
I, [2014-04-08T09:56:39.841772 #19033]  INFO -- : 0:  sprockets-helpers (1.1.0) from /Users/bgraves/.rvm/gems/ruby-2.1.0/specifications/sprockets-helpers-1.1.0.gemspec
I, [2014-04-08T09:56:39.842040 #19033]  INFO -- : 0:  sprockets-sass (1.0.3) from /Users/bgraves/.rvm/gems/ruby-2.1.0/specifications/sprockets-sass-1.0.3.gemspec
I, [2014-04-08T09:56:39.842242 #19033]  INFO -- : 0:  middleman-sprockets (3.3.2) from /Users/bgraves/.rvm/gems/ruby-2.1.0/specifications/middleman-sprockets-3.3.2.gemspec
I, [2014-04-08T09:56:40.099965 #19033]  INFO -- : 0:  uglifier (2.5.0) from /Users/bgraves/.rvm/gems/ruby-2.1.0/specifications/uglifier-2.5.0.gemspec
I, [2014-04-08T09:56:40.262450 #19033]  INFO -- : 0:  middleman (3.3.1) from /Users/bgraves/.rvm/gems/ruby-2.1.0/specifications/middleman-3.3.1.gemspec
